<?xml version="1.0" encoding="UTF-8"?>
<testsuite name="UseCases" tests="1" skipped="0" failures="0" errors="0" timestamp="2021-02-09T02:03:05" hostname="Marks-MacBook-Pro.local" time="0.032">
  <properties/>
  <testcase name="advertisingExpenseUseCase" classname="UseCases" time="0.032"/>
  <system-out><![CDATA[Advertising Expenses for Efficient Software LLC in year 2020 are 75.0
]]></system-out>
  <system-err><![CDATA[]]></system-err>
</testsuite>
